
[2026-02-10 12:45:52 UTC] autofix: patched Makefile setup for venv bootstrap/PEP668

[2026-02-10 12:45:52 UTC] $ make all
Looking in indexes: https://download.pytorch.org/whl/cpu, https://pypi.org/simple
Requirement already satisfied: numpy==1.26.4 in ./.venv/lib/python3.12/site-packages (from -r requirements.txt (line 7)) (1.26.4)
Requirement already satisfied: PyYAML==6.0.1 in ./.venv/lib/python3.12/site-packages (from -r requirements.txt (line 8)) (6.0.1)
Requirement already satisfied: requests==2.32.3 in ./.venv/lib/python3.12/site-packages (from -r requirements.txt (line 9)) (2.32.3)
Requirement already satisfied: tqdm==4.66.4 in ./.venv/lib/python3.12/site-packages (from -r requirements.txt (line 10)) (4.66.4)
Requirement already satisfied: soundfile==0.12.1 in ./.venv/lib/python3.12/site-packages (from -r requirements.txt (line 11)) (0.12.1)
Requirement already satisfied: jiwer==3.0.4 in ./.venv/lib/python3.12/site-packages (from -r requirements.txt (line 12)) (3.0.4)
Requirement already satisfied: torch==2.4.1 in ./.venv/lib/python3.12/site-packages (from -r requirements.txt (line 16)) (2.4.1+cpu)
Requirement already satisfied: torchaudio==2.4.1 in ./.venv/lib/python3.12/site-packages (from -r requirements.txt (line 17)) (2.4.1+cpu)
Requirement already satisfied: charset-normalizer<4,>=2 in ./.venv/lib/python3.12/site-packages (from requests==2.32.3->-r requirements.txt (line 9)) (3.4.4)
Requirement already satisfied: idna<4,>=2.5 in ./.venv/lib/python3.12/site-packages (from requests==2.32.3->-r requirements.txt (line 9)) (3.11)
Requirement already satisfied: urllib3<3,>=1.21.1 in ./.venv/lib/python3.12/site-packages (from requests==2.32.3->-r requirements.txt (line 9)) (2.6.3)
Requirement already satisfied: certifi>=2017.4.17 in ./.venv/lib/python3.12/site-packages (from requests==2.32.3->-r requirements.txt (line 9)) (2026.1.4)
Requirement already satisfied: cffi>=1.0 in ./.venv/lib/python3.12/site-packages (from soundfile==0.12.1->-r requirements.txt (line 11)) (2.0.0)
Requirement already satisfied: click<9.0.0,>=8.1.3 in ./.venv/lib/python3.12/site-packages (from jiwer==3.0.4->-r requirements.txt (line 12)) (8.3.1)
Requirement already satisfied: rapidfuzz<4,>=3 in ./.venv/lib/python3.12/site-packages (from jiwer==3.0.4->-r requirements.txt (line 12)) (3.14.3)
Requirement already satisfied: filelock in ./.venv/lib/python3.12/site-packages (from torch==2.4.1->-r requirements.txt (line 16)) (3.20.3)
Requirement already satisfied: typing-extensions>=4.8.0 in ./.venv/lib/python3.12/site-packages (from torch==2.4.1->-r requirements.txt (line 16)) (4.15.0)
Requirement already satisfied: sympy in ./.venv/lib/python3.12/site-packages (from torch==2.4.1->-r requirements.txt (line 16)) (1.14.0)
Requirement already satisfied: networkx in ./.venv/lib/python3.12/site-packages (from torch==2.4.1->-r requirements.txt (line 16)) (3.6.1)
Requirement already satisfied: jinja2 in ./.venv/lib/python3.12/site-packages (from torch==2.4.1->-r requirements.txt (line 16)) (3.1.6)
Requirement already satisfied: fsspec in ./.venv/lib/python3.12/site-packages (from torch==2.4.1->-r requirements.txt (line 16)) (2026.2.0)
Requirement already satisfied: setuptools in ./.venv/lib/python3.12/site-packages (from torch==2.4.1->-r requirements.txt (line 16)) (69.5.1)
Requirement already satisfied: pycparser in ./.venv/lib/python3.12/site-packages (from cffi>=1.0->soundfile==0.12.1->-r requirements.txt (line 11)) (3.0)
Requirement already satisfied: MarkupSafe>=2.0 in ./.venv/lib/python3.12/site-packages (from jinja2->torch==2.4.1->-r requirements.txt (line 16)) (3.0.3)
Requirement already satisfied: mpmath<1.4,>=1.1.0 in ./.venv/lib/python3.12/site-packages (from sympy->torch==2.4.1->-r requirements.txt (line 16)) (1.3.0)

[notice] A new release of pip is available: 24.0 -> 26.0.1
[notice] To update, run: /home/alireza/research-autopilot/generated_projects/noise-aware-conformer-asr/.venv/bin/python -m pip install --upgrade pip
epoch=1 dev_wer=1.0000
epoch=2 dev_wer=1.0000
